<?xml version="1.0" encoding="UTF-8"?>
<!-- Generated by org.testng.reporters.JUnitXMLReporter -->
<testsuite ignored="1" hostname="swarpaul-mac" failures="0" tests="1" name="Default test(failed)(failed)" time="0.016" errors="0" timestamp="2023-01-03T16:37:01 IST">
  <testcase classname="org.selenium.rait.testng.DemoTest2" name="test2" time="0.003"/>
  <testcase classname="org.selenium.rait.testng.DemoTest2" name="test1" time="0.0">
    <ignored/>
  </testcase> <!-- test1 -->
</testsuite> <!-- Default test(failed)(failed) -->
