<?xml version="1.0" encoding="UTF-8"?>
<testng-results ignored="1" total="2" passed="1" failed="0" skipped="0">
  <reporter-output>
    <line>
      <![CDATA[This is DemoTest2 before suit]]>
    </line>
    <line>
      <![CDATA[This is DemoTest2 before test]]>
    </line>
    <line>
      <![CDATA[This is DemoTest2 before class]]>
    </line>
    <line>
      <![CDATA[This is DemoTest2 before method]]>
    </line>
    <line>
      <![CDATA[This is DemoTest2 test method2]]>
    </line>
    <line>
      <![CDATA[This is DemoTest2 after method]]>
    </line>
    <line>
      <![CDATA[This is DemoTest2 after class]]>
    </line>
    <line>
      <![CDATA[This is DemoTest2 after test]]>
    </line>
    <line>
      <![CDATA[This is DemoTest2 after suite]]>
    </line>
  </reporter-output>
  <suite started-at="2023-01-03T16:37:01 IST" name="Failed suite [Failed suite [Default suite]]" finished-at="2023-01-03T16:37:01 IST" duration-ms="16">
    <groups>
    </groups>
    <test started-at="2023-01-03T16:37:01 IST" name="Default test(failed)(failed)" finished-at="2023-01-03T16:37:01 IST" duration-ms="16">
      <class name="org.selenium.rait.testng.DemoTest2">
        <test-method is-config="true" signature="beforeSuite()[pri:0, instance:org.selenium.rait.testng.DemoTest2@96def03]" started-at="2023-01-03T16:37:01 IST" name="beforeSuite" finished-at="2023-01-03T16:37:01 IST" duration-ms="4" status="PASS">
          <reporter-output>
            <line>
              <![CDATA[This is DemoTest2 before suit]]>
            </line>
          </reporter-output>
        </test-method> <!-- beforeSuite -->
        <test-method is-config="true" signature="beforeTest()[pri:0, instance:org.selenium.rait.testng.DemoTest2@96def03]" started-at="2023-01-03T16:37:01 IST" name="beforeTest" finished-at="2023-01-03T16:37:01 IST" duration-ms="0" status="PASS">
          <reporter-output>
            <line>
              <![CDATA[This is DemoTest2 before test]]>
            </line>
          </reporter-output>
        </test-method> <!-- beforeTest -->
        <test-method is-config="true" signature="beforeClass()[pri:0, instance:org.selenium.rait.testng.DemoTest2@96def03]" started-at="2023-01-03T16:37:01 IST" name="beforeClass" finished-at="2023-01-03T16:37:01 IST" duration-ms="0" status="PASS">
          <reporter-output>
            <line>
              <![CDATA[This is DemoTest2 before class]]>
            </line>
          </reporter-output>
        </test-method> <!-- beforeClass -->
        <test-method is-config="true" signature="beforeMethod()[pri:0, instance:org.selenium.rait.testng.DemoTest2@96def03]" started-at="2023-01-03T16:37:01 IST" name="beforeMethod" finished-at="2023-01-03T16:37:01 IST" duration-ms="0" status="PASS">
          <reporter-output>
            <line>
              <![CDATA[This is DemoTest2 before method]]>
            </line>
          </reporter-output>
        </test-method> <!-- beforeMethod -->
        <test-method signature="test2()[pri:0, instance:org.selenium.rait.testng.DemoTest2@96def03]" started-at="2023-01-03T16:37:01 IST" name="test2" finished-at="2023-01-03T16:37:01 IST" duration-ms="3" status="PASS">
          <reporter-output>
            <line>
              <![CDATA[This is DemoTest2 test method2]]>
            </line>
          </reporter-output>
        </test-method> <!-- test2 -->
        <test-method is-config="true" signature="afterMethod()[pri:0, instance:org.selenium.rait.testng.DemoTest2@96def03]" started-at="2023-01-03T16:37:01 IST" name="afterMethod" finished-at="2023-01-03T16:37:01 IST" duration-ms="1" status="PASS">
          <reporter-output>
            <line>
              <![CDATA[This is DemoTest2 after method]]>
            </line>
          </reporter-output>
        </test-method> <!-- afterMethod -->
        <test-method is-config="true" signature="AfterClass()[pri:0, instance:org.selenium.rait.testng.DemoTest2@96def03]" started-at="2023-01-03T16:37:01 IST" name="AfterClass" finished-at="2023-01-03T16:37:01 IST" duration-ms="0" status="PASS">
          <reporter-output>
            <line>
              <![CDATA[This is DemoTest2 after class]]>
            </line>
          </reporter-output>
        </test-method> <!-- AfterClass -->
        <test-method is-config="true" signature="afterTest()[pri:0, instance:org.selenium.rait.testng.DemoTest2@96def03]" started-at="2023-01-03T16:37:01 IST" name="afterTest" finished-at="2023-01-03T16:37:01 IST" duration-ms="0" status="PASS">
          <reporter-output>
            <line>
              <![CDATA[This is DemoTest2 after test]]>
            </line>
          </reporter-output>
        </test-method> <!-- afterTest -->
        <test-method is-config="true" signature="afterSuite()[pri:0, instance:org.selenium.rait.testng.DemoTest2@96def03]" started-at="2023-01-03T16:37:01 IST" name="afterSuite" finished-at="2023-01-03T16:37:01 IST" duration-ms="0" status="PASS">
          <reporter-output>
            <line>
              <![CDATA[This is DemoTest2 after suite]]>
            </line>
          </reporter-output>
        </test-method> <!-- afterSuite -->
      </class> <!-- org.selenium.rait.testng.DemoTest2 -->
    </test> <!-- Default test(failed)(failed) -->
  </suite> <!-- Failed suite [Failed suite [Default suite]] -->
</testng-results>
